==========================================
Job ID: 435474
Training ALL CROPPED Models
Start Time: Mon 22 Jun 09:48:53 IST 2026
==========================================


==========================================
Training: acl - sagittal - cropped
Mon 22 Jun 09:48:53 IST 2026
==========================================
Training: acl_sagittal_baseline_cropped
Training mode: single-phase
Device:   cuda

[acl-sagittal-train] pos_weight: 4.428 (166 pos, 735 neg)
Dataset sizes — train: 901, val: 225
pos_weight: 4.428  (higher = more imbalanced toward negatives)
Architecture: AlexNet (ImageNet weights)
Single-phase training: All layers unfrozen from start
  [single_phase] Epoch 1/50 — train_loss: 1.1231  val_loss: 0.9942  val_auc: 0.8157
 New best AUC: 0.8157 — checkpoint saved
  [single_phase] Epoch 2/50 — train_loss: 1.0346  val_loss: 1.1254  val_auc: 0.7333
 No improvement (1/15)
  [single_phase] Epoch 3/50 — train_loss: 0.9520  val_loss: 1.3315  val_auc: 0.7684
 No improvement (2/15)
  [single_phase] Epoch 4/50 — train_loss: 0.9605  val_loss: 0.8447  val_auc: 0.8376
 New best AUC: 0.8376 — checkpoint saved
  [single_phase] Epoch 5/50 — train_loss: 0.8407  val_loss: 0.8659  val_auc: 0.8388
 New best AUC: 0.8388 — checkpoint saved
  [single_phase] Epoch 6/50 — train_loss: 0.8280  val_loss: 0.7828  val_auc: 0.8613
 New best AUC: 0.8613 — checkpoint saved
  [single_phase] Epoch 7/50 — train_loss: 0.7170  val_loss: 0.8977  val_auc: 0.8551
 No improvement (1/15)
  [single_phase] Epoch 8/50 — train_loss: 0.6225  val_loss: 0.7999  val_auc: 0.8791
 New best AUC: 0.8791 — checkpoint saved
  [single_phase] Epoch 9/50 — train_loss: 0.5496  val_loss: 0.7605  val_auc: 0.8783
 No improvement (1/15)
  [single_phase] Epoch 10/50 — train_loss: 0.4619  val_loss: 0.7304  val_auc: 0.8855
 New best AUC: 0.8855 — checkpoint saved
  [single_phase] Epoch 11/50 — train_loss: 0.3562  val_loss: 0.7183  val_auc: 0.9054
 New best AUC: 0.9054 — checkpoint saved
  [single_phase] Epoch 12/50 — train_loss: 0.2658  val_loss: 0.7283  val_auc: 0.9085
 New best AUC: 0.9085 — checkpoint saved
  [single_phase] Epoch 13/50 — train_loss: 0.1860  val_loss: 0.9828  val_auc: 0.8930
 No improvement (1/15)
  [single_phase] Epoch 14/50 — train_loss: 0.1666  val_loss: 1.0336  val_auc: 0.8847
 No improvement (2/15)
  [single_phase] Epoch 15/50 — train_loss: 0.1841  val_loss: 1.5611  val_auc: 0.8897
 No improvement (3/15)
  [single_phase] Epoch 16/50 — train_loss: 0.1625  val_loss: 0.9762  val_auc: 0.8913
 No improvement (4/15)
  [single_phase] Epoch 17/50 — train_loss: 0.0516  val_loss: 1.2504  val_auc: 0.8937
 No improvement (5/15)
  [single_phase] Epoch 18/50 — train_loss: 0.0358  val_loss: 1.5296  val_auc: 0.8844
 No improvement (6/15)
  [single_phase] Epoch 19/50 — train_loss: 0.0353  val_loss: 1.4610  val_auc: 0.8981
 No improvement (7/15)
  [single_phase] Epoch 20/50 — train_loss: 0.0403  val_loss: 1.6011  val_auc: 0.8244
 No improvement (8/15)
  [single_phase] Epoch 21/50 — train_loss: 0.0319  val_loss: 1.7690  val_auc: 0.8774
 No improvement (9/15)
  [single_phase] Epoch 22/50 — train_loss: 0.0139  val_loss: 2.1248  val_auc: 0.8815
 No improvement (10/15)
  [single_phase] Epoch 23/50 — train_loss: 0.0205  val_loss: 1.6916  val_auc: 0.8712
 No improvement (11/15)
  [single_phase] Epoch 24/50 — train_loss: 0.0068  val_loss: 1.9708  val_auc: 0.8754
 No improvement (12/15)
  [single_phase] Epoch 25/50 — train_loss: 0.0093  val_loss: 1.7654  val_auc: 0.8897
 No improvement (13/15)
  [single_phase] Epoch 26/50 — train_loss: 0.0029  val_loss: 2.0776  val_auc: 0.8877
 No improvement (14/15)
  [single_phase] Epoch 27/50 — train_loss: 0.0029  val_loss: 2.3745  val_auc: 0.8853
 No improvement (15/15)
  Early stopping triggered after 27 epochs.
  Loaded best single_phase weights (AUC: 0.9085)

Best AUC: 0.9085
Checkpoints saved to: checkpoints/acl_sagittal_baseline_cropped
SUCCESS: Completed acl-sagittal-cropped

==========================================
Training: acl - axial - cropped
Mon 22 Jun 10:22:33 IST 2026
==========================================
Training: acl_axial_baseline_cropped
Training mode: single-phase
Device:   cuda

[acl-axial-train] pos_weight: 4.407 (167 pos, 736 neg)
Dataset sizes — train: 903, val: 226
pos_weight: 4.407  (higher = more imbalanced toward negatives)
Architecture: AlexNet (ImageNet weights)
Single-phase training: All layers unfrozen from start
  [single_phase] Epoch 1/50 — train_loss: 1.1430  val_loss: 1.1271  val_auc: 0.5887
 New best AUC: 0.5887 — checkpoint saved
  [single_phase] Epoch 2/50 — train_loss: 0.9987  val_loss: 1.0121  val_auc: 0.7473
 New best AUC: 0.7473 — checkpoint saved
  [single_phase] Epoch 3/50 — train_loss: 0.9434  val_loss: 1.0030  val_auc: 0.7499
 New best AUC: 0.7499 — checkpoint saved
  [single_phase] Epoch 4/50 — train_loss: 0.8899  val_loss: 0.9419  val_auc: 0.7651
 New best AUC: 0.7651 — checkpoint saved
  [single_phase] Epoch 5/50 — train_loss: 0.8414  val_loss: 0.9830  val_auc: 0.7875
 New best AUC: 0.7875 — checkpoint saved
  [single_phase] Epoch 6/50 — train_loss: 0.7843  val_loss: 0.9245  val_auc: 0.8011
 New best AUC: 0.8011 — checkpoint saved
  [single_phase] Epoch 7/50 — train_loss: 0.7189  val_loss: 0.9073  val_auc: 0.8012
 New best AUC: 0.8012 — checkpoint saved
  [single_phase] Epoch 8/50 — train_loss: 0.6441  val_loss: 0.9390  val_auc: 0.8108
 New best AUC: 0.8108 — checkpoint saved
  [single_phase] Epoch 9/50 — train_loss: 0.6034  val_loss: 0.9375  val_auc: 0.8253
 New best AUC: 0.8253 — checkpoint saved
  [single_phase] Epoch 10/50 — train_loss: 0.4646  val_loss: 0.9227  val_auc: 0.8307
 New best AUC: 0.8307 — checkpoint saved
  [single_phase] Epoch 11/50 — train_loss: 0.4002  val_loss: 1.6493  val_auc: 0.8258
 No improvement (1/15)
  [single_phase] Epoch 12/50 — train_loss: 0.3221  val_loss: 1.0775  val_auc: 0.8450
 New best AUC: 0.8450 — checkpoint saved
  [single_phase] Epoch 13/50 — train_loss: 0.2497  val_loss: 1.4757  val_auc: 0.8279
 No improvement (1/15)
  [single_phase] Epoch 14/50 — train_loss: 0.1488  val_loss: 1.4142  val_auc: 0.8231
 No improvement (2/15)
  [single_phase] Epoch 15/50 — train_loss: 0.1609  val_loss: 1.0086  val_auc: 0.8537
 New best AUC: 0.8537 — checkpoint saved
  [single_phase] Epoch 16/50 — train_loss: 0.0783  val_loss: 1.0996  val_auc: 0.8344
 No improvement (1/15)
  [single_phase] Epoch 17/50 — train_loss: 0.1899  val_loss: 1.9711  val_auc: 0.8413
 No improvement (2/15)
  [single_phase] Epoch 18/50 — train_loss: 0.1459  val_loss: 1.5604  val_auc: 0.8364
 No improvement (3/15)
  [single_phase] Epoch 19/50 — train_loss: 0.0255  val_loss: 2.0959  val_auc: 0.8490
 No improvement (4/15)
  [single_phase] Epoch 20/50 — train_loss: 0.0112  val_loss: 2.2673  val_auc: 0.8497
 No improvement (5/15)
  [single_phase] Epoch 21/50 — train_loss: 0.0062  val_loss: 1.9242  val_auc: 0.8541
 New best AUC: 0.8541 — checkpoint saved
  [single_phase] Epoch 22/50 — train_loss: 0.0118  val_loss: 2.1552  val_auc: 0.8533
 No improvement (1/15)
  [single_phase] Epoch 23/50 — train_loss: 0.0283  val_loss: 1.5242  val_auc: 0.8411
 No improvement (2/15)
  [single_phase] Epoch 24/50 — train_loss: 0.0510  val_loss: 2.1358  val_auc: 0.8446
 No improvement (3/15)
  [single_phase] Epoch 25/50 — train_loss: 0.0035  val_loss: 2.4192  val_auc: 0.8518
 No improvement (4/15)
  [single_phase] Epoch 26/50 — train_loss: 0.0016  val_loss: 2.6209  val_auc: 0.8514
 No improvement (5/15)
  [single_phase] Epoch 27/50 — train_loss: 0.0010  val_loss: 2.7944  val_auc: 0.8515
 No improvement (6/15)
  [single_phase] Epoch 28/50 — train_loss: 0.0013  val_loss: 2.7356  val_auc: 0.8497
 No improvement (7/15)
  [single_phase] Epoch 29/50 — train_loss: 0.0064  val_loss: 2.7155  val_auc: 0.8535
 No improvement (8/15)
  [single_phase] Epoch 30/50 — train_loss: 0.0029  val_loss: 2.5877  val_auc: 0.8484
 No improvement (9/15)
  [single_phase] Epoch 31/50 — train_loss: 0.0006  val_loss: 2.8206  val_auc: 0.8490
 No improvement (10/15)
  [single_phase] Epoch 32/50 — train_loss: 0.0008  val_loss: 3.1805  val_auc: 0.8465
 No improvement (11/15)
  [single_phase] Epoch 33/50 — train_loss: 0.0003  val_loss: 3.2824  val_auc: 0.8475
 No improvement (12/15)
  [single_phase] Epoch 34/50 — train_loss: 0.0004  val_loss: 3.3674  val_auc: 0.8494
 No improvement (13/15)
  [single_phase] Epoch 35/50 — train_loss: 0.0008  val_loss: 3.0817  val_auc: 0.8501
 No improvement (14/15)
  [single_phase] Epoch 36/50 — train_loss: 0.0002  val_loss: 3.4631  val_auc: 0.8492
 No improvement (15/15)
  Early stopping triggered after 36 epochs.
  Loaded best single_phase weights (AUC: 0.8541)

Best AUC: 0.8541
Checkpoints saved to: checkpoints/acl_axial_baseline_cropped
SUCCESS: Completed acl-axial-cropped

==========================================
Training: acl - coronal - cropped
Mon 22 Jun 11:27:12 IST 2026
==========================================
Training: acl_coronal_baseline_cropped
Training mode: single-phase
Device:   cuda

[acl-coronal-train] pos_weight: 4.407 (167 pos, 736 neg)
Dataset sizes — train: 903, val: 226
pos_weight: 4.407  (higher = more imbalanced toward negatives)
Architecture: AlexNet (ImageNet weights)
Single-phase training: All layers unfrozen from start
  [single_phase] Epoch 1/50 — train_loss: 1.1656  val_loss: 1.1056  val_auc: 0.6725
 New best AUC: 0.6725 — checkpoint saved
  [single_phase] Epoch 2/50 — train_loss: 1.1492  val_loss: 1.1064  val_auc: 0.6592
 No improvement (1/15)
  [single_phase] Epoch 3/50 — train_loss: 1.0984  val_loss: 1.0472  val_auc: 0.7482
 New best AUC: 0.7482 — checkpoint saved
  [single_phase] Epoch 4/50 — train_loss: 1.0245  val_loss: 0.9940  val_auc: 0.7533
 New best AUC: 0.7533 — checkpoint saved
  [single_phase] Epoch 5/50 — train_loss: 0.9181  val_loss: 0.9287  val_auc: 0.8082
 New best AUC: 0.8082 — checkpoint saved
  [single_phase] Epoch 6/50 — train_loss: 0.6873  val_loss: 0.9582  val_auc: 0.7775
 No improvement (1/15)
  [single_phase] Epoch 7/50 — train_loss: 0.5702  val_loss: 1.2786  val_auc: 0.7866
 No improvement (2/15)
  [single_phase] Epoch 8/50 — train_loss: 0.4656  val_loss: 1.2559  val_auc: 0.7917
 No improvement (3/15)
  [single_phase] Epoch 9/50 — train_loss: 0.3707  val_loss: 1.6266  val_auc: 0.7885
 No improvement (4/15)
  [single_phase] Epoch 10/50 — train_loss: 0.2042  val_loss: 1.5134  val_auc: 0.7954
 No improvement (5/15)
  [single_phase] Epoch 11/50 — train_loss: 0.1573  val_loss: 1.9927  val_auc: 0.8004
 No improvement (6/15)
  [single_phase] Epoch 12/50 — train_loss: 0.0932  val_loss: 2.3318  val_auc: 0.7867
 No improvement (7/15)
  [single_phase] Epoch 13/50 — train_loss: 0.1219  val_loss: 1.8294  val_auc: 0.7927
 No improvement (8/15)
  [single_phase] Epoch 14/50 — train_loss: 0.0651  val_loss: 2.5926  val_auc: 0.7891
 No improvement (9/15)
  [single_phase] Epoch 15/50 — train_loss: 0.0325  val_loss: 2.3330  val_auc: 0.7868
 No improvement (10/15)
  [single_phase] Epoch 16/50 — train_loss: 0.0310  val_loss: 2.9580  val_auc: 0.7867
 No improvement (11/15)
  [single_phase] Epoch 17/50 — train_loss: 0.0216  val_loss: 2.9068  val_auc: 0.7933
 No improvement (12/15)
  [single_phase] Epoch 18/50 — train_loss: 0.0127  val_loss: 2.6450  val_auc: 0.7917
 No improvement (13/15)
  [single_phase] Epoch 19/50 — train_loss: 0.0098  val_loss: 3.3306  val_auc: 0.7951
 No improvement (14/15)
  [single_phase] Epoch 20/50 — train_loss: 0.0086  val_loss: 3.8554  val_auc: 0.8011
 No improvement (15/15)
  Early stopping triggered after 20 epochs.
  Loaded best single_phase weights (AUC: 0.8082)

Best AUC: 0.8082
Checkpoints saved to: checkpoints/acl_coronal_baseline_cropped
SUCCESS: Completed acl-coronal-cropped

==========================================
Training: meniscus - sagittal - cropped
Mon 22 Jun 11:51:05 IST 2026
==========================================
Training: meniscus_sagittal_baseline_cropped
Training mode: single-phase
Device:   cuda

[meniscus-sagittal-train] pos_weight: 1.824 (319 pos, 582 neg)
Dataset sizes — train: 901, val: 225
pos_weight: 1.824  (higher = more imbalanced toward negatives)
Architecture: AlexNet (ImageNet weights)
Single-phase training: All layers unfrozen from start
  [single_phase] Epoch 1/50 — train_loss: 0.8977  val_loss: 0.8335  val_auc: 0.7474
 New best AUC: 0.7474 — checkpoint saved
  [single_phase] Epoch 2/50 — train_loss: 0.8535  val_loss: 0.7631  val_auc: 0.7840
 New best AUC: 0.7840 — checkpoint saved
  [single_phase] Epoch 3/50 — train_loss: 0.8087  val_loss: 0.7190  val_auc: 0.8019
 New best AUC: 0.8019 — checkpoint saved
  [single_phase] Epoch 4/50 — train_loss: 0.7642  val_loss: 0.7103  val_auc: 0.7980
 No improvement (1/15)
  [single_phase] Epoch 5/50 — train_loss: 0.7266  val_loss: 0.7026  val_auc: 0.8036
 New best AUC: 0.8036 — checkpoint saved
  [single_phase] Epoch 6/50 — train_loss: 0.7196  val_loss: 0.7020  val_auc: 0.8057
 New best AUC: 0.8057 — checkpoint saved
  [single_phase] Epoch 7/50 — train_loss: 0.6803  val_loss: 0.7227  val_auc: 0.8076
 New best AUC: 0.8076 — checkpoint saved
  [single_phase] Epoch 8/50 — train_loss: 0.6565  val_loss: 0.7003  val_auc: 0.7874
 No improvement (1/15)
  [single_phase] Epoch 9/50 — train_loss: 0.6264  val_loss: 0.6697  val_auc: 0.8127
 New best AUC: 0.8127 — checkpoint saved
  [single_phase] Epoch 10/50 — train_loss: 0.5660  val_loss: 0.8933  val_auc: 0.7884
 No improvement (1/15)
  [single_phase] Epoch 11/50 — train_loss: 0.5289  val_loss: 0.8834  val_auc: 0.7166
 No improvement (2/15)
  [single_phase] Epoch 12/50 — train_loss: 0.4870  val_loss: 0.7328  val_auc: 0.8093
 No improvement (3/15)
  [single_phase] Epoch 13/50 — train_loss: 0.4416  val_loss: 0.9117  val_auc: 0.7501
 No improvement (4/15)
  [single_phase] Epoch 14/50 — train_loss: 0.3050  val_loss: 0.9165  val_auc: 0.7812
 No improvement (5/15)
  [single_phase] Epoch 15/50 — train_loss: 0.2535  val_loss: 0.8778  val_auc: 0.7964
 No improvement (6/15)
  [single_phase] Epoch 16/50 — train_loss: 0.2206  val_loss: 1.1767  val_auc: 0.7685
 No improvement (7/15)
  [single_phase] Epoch 17/50 — train_loss: 0.2116  val_loss: 0.9609  val_auc: 0.7947
 No improvement (8/15)
  [single_phase] Epoch 18/50 — train_loss: 0.1217  val_loss: 1.0697  val_auc: 0.7918
 No improvement (9/15)
  [single_phase] Epoch 19/50 — train_loss: 0.1052  val_loss: 1.1955  val_auc: 0.7751
 No improvement (10/15)
  [single_phase] Epoch 20/50 — train_loss: 0.0811  val_loss: 1.3215  val_auc: 0.7881
 No improvement (11/15)
  [single_phase] Epoch 21/50 — train_loss: 0.0891  val_loss: 1.3629  val_auc: 0.7816
 No improvement (12/15)
  [single_phase] Epoch 22/50 — train_loss: 0.0520  val_loss: 1.3657  val_auc: 0.7824
 No improvement (13/15)
  [single_phase] Epoch 23/50 — train_loss: 0.0434  val_loss: 1.4426  val_auc: 0.7873
 No improvement (14/15)
  [single_phase] Epoch 24/50 — train_loss: 0.0467  val_loss: 1.4930  val_auc: 0.7914
 No improvement (15/15)
  Early stopping triggered after 24 epochs.
  Loaded best single_phase weights (AUC: 0.8127)

Best AUC: 0.8127
Checkpoints saved to: checkpoints/meniscus_sagittal_baseline_cropped
SUCCESS: Completed meniscus-sagittal-cropped

==========================================
Training: meniscus - axial - cropped
Mon 22 Jun 12:20:49 IST 2026
==========================================
Training: meniscus_axial_baseline_cropped
Training mode: single-phase
Device:   cuda

[meniscus-axial-train] pos_weight: 1.813 (321 pos, 582 neg)
Dataset sizes — train: 903, val: 226
pos_weight: 1.813  (higher = more imbalanced toward negatives)
Architecture: AlexNet (ImageNet weights)
Single-phase training: All layers unfrozen from start
  [single_phase] Epoch 1/50 — train_loss: 0.9025  val_loss: 0.8762  val_auc: 0.6486
 New best AUC: 0.6486 — checkpoint saved
  [single_phase] Epoch 2/50 — train_loss: 0.8764  val_loss: 0.8246  val_auc: 0.7192
 New best AUC: 0.7192 — checkpoint saved
  [single_phase] Epoch 3/50 — train_loss: 0.8146  val_loss: 0.7351  val_auc: 0.7715
 New best AUC: 0.7715 — checkpoint saved
  [single_phase] Epoch 4/50 — train_loss: 0.7657  val_loss: 0.7966  val_auc: 0.7675
 No improvement (1/15)
  [single_phase] Epoch 5/50 — train_loss: 0.7295  val_loss: 0.7506  val_auc: 0.7645
 No improvement (2/15)
  [single_phase] Epoch 6/50 — train_loss: 0.7138  val_loss: 0.7520  val_auc: 0.8142
 New best AUC: 0.8142 — checkpoint saved
  [single_phase] Epoch 7/50 — train_loss: 0.6701  val_loss: 0.7675  val_auc: 0.8085
 No improvement (1/15)
  [single_phase] Epoch 8/50 — train_loss: 0.6320  val_loss: 0.7106  val_auc: 0.8119
 No improvement (2/15)
  [single_phase] Epoch 9/50 — train_loss: 0.6145  val_loss: 0.7128  val_auc: 0.8057
 No improvement (3/15)
  [single_phase] Epoch 10/50 — train_loss: 0.5434  val_loss: 0.7440  val_auc: 0.7786
 No improvement (4/15)
  [single_phase] Epoch 11/50 — train_loss: 0.3968  val_loss: 0.7879  val_auc: 0.7902
 No improvement (5/15)
  [single_phase] Epoch 12/50 — train_loss: 0.3430  val_loss: 1.0185  val_auc: 0.8008
 No improvement (6/15)
  [single_phase] Epoch 13/50 — train_loss: 0.2905  val_loss: 0.8845  val_auc: 0.7812
 No improvement (7/15)
  [single_phase] Epoch 14/50 — train_loss: 0.2223  val_loss: 1.0305  val_auc: 0.7562
 No improvement (8/15)
  [single_phase] Epoch 15/50 — train_loss: 0.1478  val_loss: 1.0912  val_auc: 0.7756
 No improvement (9/15)
  [single_phase] Epoch 16/50 — train_loss: 0.1116  val_loss: 1.1024  val_auc: 0.7619
 No improvement (10/15)
  [single_phase] Epoch 17/50 — train_loss: 0.0915  val_loss: 1.4042  val_auc: 0.7561
 No improvement (11/15)
  [single_phase] Epoch 18/50 — train_loss: 0.0748  val_loss: 1.3498  val_auc: 0.7448
 No improvement (12/15)
  [single_phase] Epoch 19/50 — train_loss: 0.0511  val_loss: 1.3712  val_auc: 0.7611
 No improvement (13/15)
  [single_phase] Epoch 20/50 — train_loss: 0.0401  val_loss: 1.3264  val_auc: 0.7611
 No improvement (14/15)
  [single_phase] Epoch 21/50 — train_loss: 0.0348  val_loss: 1.3309  val_auc: 0.7665
 No improvement (15/15)
  Early stopping triggered after 21 epochs.
  Loaded best single_phase weights (AUC: 0.8142)

Best AUC: 0.8142
Checkpoints saved to: checkpoints/meniscus_axial_baseline_cropped
SUCCESS: Completed meniscus-axial-cropped

==========================================
Training: meniscus - coronal - cropped
Mon 22 Jun 12:58:37 IST 2026
==========================================
Training: meniscus_coronal_baseline_cropped
Training mode: single-phase
Device:   cuda

[meniscus-coronal-train] pos_weight: 1.813 (321 pos, 582 neg)
Dataset sizes — train: 903, val: 226
pos_weight: 1.813  (higher = more imbalanced toward negatives)
Architecture: AlexNet (ImageNet weights)
Single-phase training: All layers unfrozen from start
  [single_phase] Epoch 1/50 — train_loss: 0.8984  val_loss: 0.8589  val_auc: 0.6672
 New best AUC: 0.6672 — checkpoint saved
  [single_phase] Epoch 2/50 — train_loss: 0.8771  val_loss: 0.8716  val_auc: 0.6578
 No improvement (1/15)
  [single_phase] Epoch 3/50 — train_loss: 0.8315  val_loss: 0.7948  val_auc: 0.7325
 New best AUC: 0.7325 — checkpoint saved
  [single_phase] Epoch 4/50 — train_loss: 0.7603  val_loss: 0.7788  val_auc: 0.7344
 New best AUC: 0.7344 — checkpoint saved
  [single_phase] Epoch 5/50 — train_loss: 0.6780  val_loss: 0.7556  val_auc: 0.7711
 New best AUC: 0.7711 — checkpoint saved
  [single_phase] Epoch 6/50 — train_loss: 0.6096  val_loss: 0.8202  val_auc: 0.7803
 New best AUC: 0.7803 — checkpoint saved
  [single_phase] Epoch 7/50 — train_loss: 0.5659  val_loss: 0.7605  val_auc: 0.7671
 No improvement (1/15)
  [single_phase] Epoch 8/50 — train_loss: 0.4879  val_loss: 0.9955  val_auc: 0.7883
 New best AUC: 0.7883 — checkpoint saved
  [single_phase] Epoch 9/50 — train_loss: 0.4219  val_loss: 0.8556  val_auc: 0.7867
 No improvement (1/15)
  [single_phase] Epoch 10/50 — train_loss: 0.3736  val_loss: 0.7454  val_auc: 0.8007
 New best AUC: 0.8007 — checkpoint saved
  [single_phase] Epoch 11/50 — train_loss: 0.2812  val_loss: 1.1621  val_auc: 0.8001
 No improvement (1/15)
  [single_phase] Epoch 12/50 — train_loss: 0.2643  val_loss: 0.8531  val_auc: 0.7793
 No improvement (2/15)
  [single_phase] Epoch 13/50 — train_loss: 0.2018  val_loss: 1.4296  val_auc: 0.7846
 No improvement (3/15)
  [single_phase] Epoch 14/50 — train_loss: 0.1498  val_loss: 1.4825  val_auc: 0.7456
 No improvement (4/15)
  [single_phase] Epoch 15/50 — train_loss: 0.0720  val_loss: 1.5199  val_auc: 0.7823
 No improvement (5/15)
  [single_phase] Epoch 16/50 — train_loss: 0.0402  val_loss: 1.8248  val_auc: 0.7741
 No improvement (6/15)
  [single_phase] Epoch 17/50 — train_loss: 0.0339  val_loss: 1.8243  val_auc: 0.7697
 No improvement (7/15)
  [single_phase] Epoch 18/50 — train_loss: 0.0507  val_loss: 2.2850  val_auc: 0.7682
 No improvement (8/15)
  [single_phase] Epoch 19/50 — train_loss: 0.0328  val_loss: 1.8935  val_auc: 0.7804
 No improvement (9/15)
  [single_phase] Epoch 20/50 — train_loss: 0.0150  val_loss: 1.9350  val_auc: 0.7814
 No improvement (10/15)
  [single_phase] Epoch 21/50 — train_loss: 0.0088  val_loss: 2.1066  val_auc: 0.7747
 No improvement (11/15)
  [single_phase] Epoch 22/50 — train_loss: 0.0041  val_loss: 2.4809  val_auc: 0.7784
 No improvement (12/15)
  [single_phase] Epoch 23/50 — train_loss: 0.0074  val_loss: 2.5038  val_auc: 0.7783
 No improvement (13/15)
  [single_phase] Epoch 24/50 — train_loss: 0.0115  val_loss: 2.5647  val_auc: 0.7743
 No improvement (14/15)
  [single_phase] Epoch 25/50 — train_loss: 0.0072  val_loss: 2.5062  val_auc: 0.7808
 No improvement (15/15)
  Early stopping triggered after 25 epochs.
  Loaded best single_phase weights (AUC: 0.8007)

Best AUC: 0.8007
Checkpoints saved to: checkpoints/meniscus_coronal_baseline_cropped
SUCCESS: Completed meniscus-coronal-cropped

==========================================
Training: abnormal - sagittal - cropped
Mon 22 Jun 13:28:02 IST 2026
==========================================
Training: abnormal_sagittal_baseline_cropped
Training mode: single-phase
Device:   cuda

[abnormal-sagittal-train] pos_weight: 0.236 (729 pos, 172 neg)
Dataset sizes — train: 901, val: 225
pos_weight: 0.236  (higher = more imbalanced toward negatives)
Architecture: AlexNet (ImageNet weights)
Single-phase training: All layers unfrozen from start
  [single_phase] Epoch 1/50 — train_loss: 0.2491  val_loss: 0.2151  val_auc: 0.8489
 New best AUC: 0.8489 — checkpoint saved
  [single_phase] Epoch 2/50 — train_loss: 0.1938  val_loss: 0.1912  val_auc: 0.8579
 New best AUC: 0.8579 — checkpoint saved
  [single_phase] Epoch 3/50 — train_loss: 0.1844  val_loss: 0.1848  val_auc: 0.8660
 New best AUC: 0.8660 — checkpoint saved
  [single_phase] Epoch 4/50 — train_loss: 0.1687  val_loss: 0.2049  val_auc: 0.8689
 New best AUC: 0.8689 — checkpoint saved
  [single_phase] Epoch 5/50 — train_loss: 0.1472  val_loss: 0.1776  val_auc: 0.8789
 New best AUC: 0.8789 — checkpoint saved
  [single_phase] Epoch 6/50 — train_loss: 0.1432  val_loss: 0.1670  val_auc: 0.8767
 No improvement (1/15)
  [single_phase] Epoch 7/50 — train_loss: 0.1264  val_loss: 0.1825  val_auc: 0.8711
 No improvement (2/15)
  [single_phase] Epoch 8/50 — train_loss: 0.1180  val_loss: 0.2041  val_auc: 0.8811
 New best AUC: 0.8811 — checkpoint saved
  [single_phase] Epoch 9/50 — train_loss: 0.1066  val_loss: 0.1753  val_auc: 0.8833
 New best AUC: 0.8833 — checkpoint saved
  [single_phase] Epoch 10/50 — train_loss: 0.1000  val_loss: 0.1945  val_auc: 0.8959
 New best AUC: 0.8959 — checkpoint saved
  [single_phase] Epoch 11/50 — train_loss: 0.0762  val_loss: 0.3244  val_auc: 0.8828
 No improvement (1/15)
  [single_phase] Epoch 12/50 — train_loss: 0.0772  val_loss: 0.1764  val_auc: 0.8930
 No improvement (2/15)
  [single_phase] Epoch 13/50 — train_loss: 0.0522  val_loss: 0.3712  val_auc: 0.8975
 New best AUC: 0.8975 — checkpoint saved
  [single_phase] Epoch 14/50 — train_loss: 0.0615  val_loss: 0.2194  val_auc: 0.8826
 No improvement (1/15)
  [single_phase] Epoch 15/50 — train_loss: 0.0434  val_loss: 0.1965  val_auc: 0.8962
 No improvement (2/15)
  [single_phase] Epoch 16/50 — train_loss: 0.0351  val_loss: 0.3296  val_auc: 0.8780
 No improvement (3/15)
  [single_phase] Epoch 17/50 — train_loss: 0.0430  val_loss: 0.4009  val_auc: 0.8979
 New best AUC: 0.8979 — checkpoint saved
  [single_phase] Epoch 18/50 — train_loss: 0.0328  val_loss: 0.3580  val_auc: 0.8995
 New best AUC: 0.8995 — checkpoint saved
  [single_phase] Epoch 19/50 — train_loss: 0.0304  val_loss: 0.2692  val_auc: 0.8932
 No improvement (1/15)
  [single_phase] Epoch 20/50 — train_loss: 0.0214  val_loss: 0.5646  val_auc: 0.8780
 No improvement (2/15)
  [single_phase] Epoch 21/50 — train_loss: 0.0328  val_loss: 0.2720  val_auc: 0.8789
 No improvement (3/15)
  [single_phase] Epoch 22/50 — train_loss: 0.0421  val_loss: 0.2943  val_auc: 0.8907
 No improvement (4/15)
  [single_phase] Epoch 23/50 — train_loss: 0.0066  val_loss: 0.3723  val_auc: 0.8904
 No improvement (5/15)
  [single_phase] Epoch 24/50 — train_loss: 0.0033  val_loss: 0.4528  val_auc: 0.8947
 No improvement (6/15)
  [single_phase] Epoch 25/50 — train_loss: 0.0021  val_loss: 0.5153  val_auc: 0.8909
 No improvement (7/15)
  [single_phase] Epoch 26/50 — train_loss: 0.0007  val_loss: 0.4493  val_auc: 0.8964
 No improvement (8/15)
  [single_phase] Epoch 27/50 — train_loss: 0.0032  val_loss: 0.4739  val_auc: 0.8893
 No improvement (9/15)
  [single_phase] Epoch 28/50 — train_loss: 0.0019  val_loss: 0.4836  val_auc: 0.8923
 No improvement (10/15)
  [single_phase] Epoch 29/50 — train_loss: 0.0011  val_loss: 0.4271  val_auc: 0.8889
 No improvement (11/15)
  [single_phase] Epoch 30/50 — train_loss: 0.0005  val_loss: 0.5717  val_auc: 0.8878
 No improvement (12/15)
  [single_phase] Epoch 31/50 — train_loss: 0.0015  val_loss: 0.5565  val_auc: 0.8871
 No improvement (13/15)
  [single_phase] Epoch 32/50 — train_loss: 0.0005  val_loss: 0.4821  val_auc: 0.8891
 No improvement (14/15)
  [single_phase] Epoch 33/50 — train_loss: 0.0002  val_loss: 0.5519  val_auc: 0.8919
 No improvement (15/15)
  Early stopping triggered after 33 epochs.
  Loaded best single_phase weights (AUC: 0.8995)

Best AUC: 0.8995
Checkpoints saved to: checkpoints/abnormal_sagittal_baseline_cropped
SUCCESS: Completed abnormal-sagittal-cropped

==========================================
Training: abnormal - axial - cropped
Mon 22 Jun 14:08:41 IST 2026
==========================================
Training: abnormal_axial_baseline_cropped
Training mode: single-phase
Device:   cuda

[abnormal-axial-train] pos_weight: 0.235 (731 pos, 172 neg)
Dataset sizes — train: 903, val: 226
pos_weight: 0.235  (higher = more imbalanced toward negatives)
Architecture: AlexNet (ImageNet weights)
Single-phase training: All layers unfrozen from start
  [single_phase] Epoch 1/50 — train_loss: 0.2826  val_loss: 0.2520  val_auc: 0.7804
 New best AUC: 0.7804 — checkpoint saved
  [single_phase] Epoch 2/50 — train_loss: 0.2727  val_loss: 0.2428  val_auc: 0.8140
 New best AUC: 0.8140 — checkpoint saved
  [single_phase] Epoch 3/50 — train_loss: 0.2392  val_loss: 0.2133  val_auc: 0.8282
 New best AUC: 0.8282 — checkpoint saved
  [single_phase] Epoch 4/50 — train_loss: 0.2160  val_loss: 0.1782  val_auc: 0.8780
 New best AUC: 0.8780 — checkpoint saved
  [single_phase] Epoch 5/50 — train_loss: 0.1893  val_loss: 0.1772  val_auc: 0.8732
 No improvement (1/15)
  [single_phase] Epoch 6/50 — train_loss: 0.1712  val_loss: 0.1867  val_auc: 0.8471
 No improvement (2/15)
  [single_phase] Epoch 7/50 — train_loss: 0.1590  val_loss: 0.1822  val_auc: 0.8753
 No improvement (3/15)
  [single_phase] Epoch 8/50 — train_loss: 0.1456  val_loss: 0.1804  val_auc: 0.8661
 No improvement (4/15)
  [single_phase] Epoch 9/50 — train_loss: 0.1196  val_loss: 0.1771  val_auc: 0.8692
 No improvement (5/15)
  [single_phase] Epoch 10/50 — train_loss: 0.1140  val_loss: 0.1828  val_auc: 0.8654
 No improvement (6/15)
  [single_phase] Epoch 11/50 — train_loss: 0.0978  val_loss: 0.2141  val_auc: 0.8705
 No improvement (7/15)
  [single_phase] Epoch 12/50 — train_loss: 0.0905  val_loss: 0.2032  val_auc: 0.8618
 No improvement (8/15)
  [single_phase] Epoch 13/50 — train_loss: 0.0719  val_loss: 0.2531  val_auc: 0.8691
 No improvement (9/15)
  [single_phase] Epoch 14/50 — train_loss: 0.0681  val_loss: 0.2269  val_auc: 0.8691
 No improvement (10/15)
  [single_phase] Epoch 15/50 — train_loss: 0.0605  val_loss: 0.2384  val_auc: 0.8673
 No improvement (11/15)
  [single_phase] Epoch 16/50 — train_loss: 0.0519  val_loss: 0.2284  val_auc: 0.8688
 No improvement (12/15)
  [single_phase] Epoch 17/50 — train_loss: 0.0434  val_loss: 0.2652  val_auc: 0.8712
 No improvement (13/15)
  [single_phase] Epoch 18/50 — train_loss: 0.0394  val_loss: 0.2931  val_auc: 0.8700
 No improvement (14/15)
  [single_phase] Epoch 19/50 — train_loss: 0.0358  val_loss: 0.3203  val_auc: 0.8680
 No improvement (15/15)
  Early stopping triggered after 19 epochs.
  Loaded best single_phase weights (AUC: 0.8780)

Best AUC: 0.8780
Checkpoints saved to: checkpoints/abnormal_axial_baseline_cropped
SUCCESS: Completed abnormal-axial-cropped

==========================================
Training: abnormal - coronal - cropped
Mon 22 Jun 14:42:37 IST 2026
==========================================
Training: abnormal_coronal_baseline_cropped
Training mode: single-phase
Device:   cuda

[abnormal-coronal-train] pos_weight: 0.235 (731 pos, 172 neg)
Dataset sizes — train: 903, val: 226
pos_weight: 0.235  (higher = more imbalanced toward negatives)
Architecture: AlexNet (ImageNet weights)
Single-phase training: All layers unfrozen from start
  [single_phase] Epoch 1/50 — train_loss: 0.2667  val_loss: 0.2505  val_auc: 0.7549
 New best AUC: 0.7549 — checkpoint saved
  [single_phase] Epoch 2/50 — train_loss: 0.2571  val_loss: 0.2572  val_auc: 0.8023
 New best AUC: 0.8023 — checkpoint saved
  [single_phase] Epoch 3/50 — train_loss: 0.2542  val_loss: 0.2340  val_auc: 0.7654
 No improvement (1/15)
  [single_phase] Epoch 4/50 — train_loss: 0.2446  val_loss: 0.2279  val_auc: 0.7917
 No improvement (2/15)
  [single_phase] Epoch 5/50 — train_loss: 0.2327  val_loss: 0.2426  val_auc: 0.8194
 New best AUC: 0.8194 — checkpoint saved
  [single_phase] Epoch 6/50 — train_loss: 0.2280  val_loss: 0.2102  val_auc: 0.8233
 New best AUC: 0.8233 — checkpoint saved
  [single_phase] Epoch 7/50 — train_loss: 0.2087  val_loss: 0.2401  val_auc: 0.8180
 No improvement (1/15)
  [single_phase] Epoch 8/50 — train_loss: 0.2171  val_loss: 0.1935  val_auc: 0.8361
 New best AUC: 0.8361 — checkpoint saved
  [single_phase] Epoch 9/50 — train_loss: 0.1955  val_loss: 0.2129  val_auc: 0.8166
 No improvement (1/15)
  [single_phase] Epoch 10/50 — train_loss: 0.2012  val_loss: 0.1967  val_auc: 0.8501
 New best AUC: 0.8501 — checkpoint saved
  [single_phase] Epoch 11/50 — train_loss: 0.1738  val_loss: 0.2361  val_auc: 0.8485
 No improvement (1/15)
  [single_phase] Epoch 12/50 — train_loss: 0.1595  val_loss: 0.2051  val_auc: 0.8393
 No improvement (2/15)
  [single_phase] Epoch 13/50 — train_loss: 0.1530  val_loss: 0.2133  val_auc: 0.8308
 No improvement (3/15)
  [single_phase] Epoch 14/50 — train_loss: 0.1431  val_loss: 0.2228  val_auc: 0.8313
 No improvement (4/15)
  [single_phase] Epoch 15/50 — train_loss: 0.1100  val_loss: 0.2197  val_auc: 0.8221
 No improvement (5/15)
  [single_phase] Epoch 16/50 — train_loss: 0.1040  val_loss: 0.2227  val_auc: 0.8478
 No improvement (6/15)
  [single_phase] Epoch 17/50 — train_loss: 0.0935  val_loss: 0.2098  val_auc: 0.8502
 New best AUC: 0.8502 — checkpoint saved
  [single_phase] Epoch 18/50 — train_loss: 0.0790  val_loss: 0.2570  val_auc: 0.8436
 No improvement (1/15)
  [single_phase] Epoch 19/50 — train_loss: 0.0727  val_loss: 0.2887  val_auc: 0.8101
 No improvement (2/15)
  [single_phase] Epoch 20/50 — train_loss: 0.0657  val_loss: 0.3625  val_auc: 0.8027
 No improvement (3/15)
  [single_phase] Epoch 21/50 — train_loss: 0.0513  val_loss: 0.3846  val_auc: 0.8036
 No improvement (4/15)
  [single_phase] Epoch 22/50 — train_loss: 0.0388  val_loss: 0.3300  val_auc: 0.8304
 No improvement (5/15)
  [single_phase] Epoch 23/50 — train_loss: 0.0285  val_loss: 0.3735  val_auc: 0.8297
 No improvement (6/15)
  [single_phase] Epoch 24/50 — train_loss: 0.0300  val_loss: 0.3563  val_auc: 0.8225
 No improvement (7/15)
  [single_phase] Epoch 25/50 — train_loss: 0.0296  val_loss: 0.3402  val_auc: 0.8201
 No improvement (8/15)
  [single_phase] Epoch 26/50 — train_loss: 0.0212  val_loss: 0.3899  val_auc: 0.8293
 No improvement (9/15)
  [single_phase] Epoch 27/50 — train_loss: 0.0193  val_loss: 0.3943  val_auc: 0.8152
 No improvement (10/15)
  [single_phase] Epoch 28/50 — train_loss: 0.0189  val_loss: 0.3973  val_auc: 0.8309
 No improvement (11/15)
  [single_phase] Epoch 29/50 — train_loss: 0.0146  val_loss: 0.3842  val_auc: 0.8297
 No improvement (12/15)
  [single_phase] Epoch 30/50 — train_loss: 0.0151  val_loss: 0.4124  val_auc: 0.8328
 No improvement (13/15)
  [single_phase] Epoch 31/50 — train_loss: 0.0121  val_loss: 0.4528  val_auc: 0.8297
 No improvement (14/15)
  [single_phase] Epoch 32/50 — train_loss: 0.0101  val_loss: 0.4686  val_auc: 0.8298
 No improvement (15/15)
  Early stopping triggered after 32 epochs.
  Loaded best single_phase weights (AUC: 0.8502)

Best AUC: 0.8502
Checkpoints saved to: checkpoints/abnormal_coronal_baseline_cropped
SUCCESS: Completed abnormal-coronal-cropped

==========================================
All CROPPED training completed
End Time: Mon 22 Jun 15:20:12 IST 2026
==========================================
