==========================================
Job ID: 423849
Job Name: example_train
Node: sonicgpu12
Start Time: Mon 15 Jun 11:22:02 IST 2026
==========================================

Current working directory: /home/people/23225831/MRNet-assignment

Python version: Python 3.9.21
PyTorch version: 2.8.0+cu128
CUDA available: True
CUDA version: 12.8
Number of GPUs: 1
GPU Name: Tesla V100-PCIE-16GB

==========================================
Starting Train Job at Mon 15 Jun 11:22:17 IST 2026
==========================================

Training: meniscus-sagittal-baseline-uncropped
Device: cuda
[meniscus-sagittal-train] pos_weight: 1.813 (321 pos, 582 neg)
Epoch 1/30 - Train Loss: 0.8719, Val AUC: 0.4670
  Saved best checkpoint (AUC: 0.4670)
Epoch 2/30 - Train Loss: 0.7938, Val AUC: 0.7413
  Saved best checkpoint (AUC: 0.7413)
Epoch 3/30 - Train Loss: 0.7115, Val AUC: 0.7275
Epoch 4/30 - Train Loss: 0.6308, Val AUC: 0.6715
Epoch 5/30 - Train Loss: 0.5539, Val AUC: 0.7000
Epoch 6/30 - Train Loss: 0.4757, Val AUC: 0.7433
  Saved best checkpoint (AUC: 0.7433)
Epoch 7/30 - Train Loss: 0.3651, Val AUC: 0.7502
  Saved best checkpoint (AUC: 0.7502)
Epoch 8/30 - Train Loss: 0.2382, Val AUC: 0.6563
Epoch 9/30 - Train Loss: 0.2323, Val AUC: 0.7466
Epoch 10/30 - Train Loss: 0.1911, Val AUC: 0.7380
Epoch 11/30 - Train Loss: 0.1164, Val AUC: 0.7327
Epoch 12/30 - Train Loss: 0.2688, Val AUC: 0.7327
Epoch 13/30 - Train Loss: 0.1647, Val AUC: 0.7665
  Saved best checkpoint (AUC: 0.7665)
Epoch 14/30 - Train Loss: 0.0982, Val AUC: 0.7060
Epoch 15/30 - Train Loss: 0.0833, Val AUC: 0.7654
Epoch 16/30 - Train Loss: 0.1700, Val AUC: 0.7489
Epoch 17/30 - Train Loss: 0.1245, Val AUC: 0.7450
Epoch 18/30 - Train Loss: 0.0882, Val AUC: 0.7076
Epoch 19/30 - Train Loss: 0.0656, Val AUC: 0.7629
Epoch 20/30 - Train Loss: 0.0212, Val AUC: 0.7169
Epoch 21/30 - Train Loss: 0.1753, Val AUC: 0.7104
Epoch 22/30 - Train Loss: 0.0460, Val AUC: 0.7610
Epoch 23/30 - Train Loss: 0.0900, Val AUC: 0.7719
  Saved best checkpoint (AUC: 0.7719)
Epoch 24/30 - Train Loss: 0.0358, Val AUC: 0.7734
  Saved best checkpoint (AUC: 0.7734)
Epoch 25/30 - Train Loss: 0.0939, Val AUC: 0.7753
  Saved best checkpoint (AUC: 0.7753)
Epoch 26/30 - Train Loss: 0.0208, Val AUC: 0.7733
Epoch 27/30 - Train Loss: 0.0823, Val AUC: 0.6546
Epoch 28/30 - Train Loss: 0.1648, Val AUC: 0.7888
  Saved best checkpoint (AUC: 0.7888)
Epoch 29/30 - Train Loss: 0.0131, Val AUC: 0.7989
  Saved best checkpoint (AUC: 0.7989)
Epoch 30/30 - Train Loss: 0.0043, Val AUC: 0.7787

Training complete - Best Val AUC: 0.7989

==========================================
Training completed at Mon 15 Jun 13:14:04 IST 2026
Exit code: 0
==========================================

