==========================================
Job ID: 425305
Training ALL UNCROPPED Models
Start Time: Tue 16 Jun 19:25:04 IST 2026
==========================================


==========================================
Training: acl - sagittal - uncropped
Tue 16 Jun 19:25:04 IST 2026
==========================================
Training: acl_sagittal_baseline_uncropped
Training mode: single-phase
Device:   cuda

[acl-sagittal-train] pos_weight: 4.407 (167 pos, 736 neg)
Dataset sizes — train: 903, val: 226
pos_weight: 4.407  (higher = more imbalanced toward negatives)
Architecture: AlexNet (ImageNet weights)
Downloading: "https://download.pytorch.org/models/alexnet-owt-7be5be79.pth" to /home/people/23225831/.cache/torch/hub/checkpoints/alexnet-owt-7be5be79.pth
Single-phase training: All layers unfrozen from start
  [single_phase] Epoch 1/50 — train_loss: 1.1314  val_loss: 1.0041  val_auc: 0.8040
 New best AUC: 0.8040 — checkpoint saved
  [single_phase] Epoch 2/50 — train_loss: 0.9972  val_loss: 0.8999  val_auc: 0.8460
 New best AUC: 0.8460 — checkpoint saved
  [single_phase] Epoch 3/50 — train_loss: 0.8811  val_loss: 0.9021  val_auc: 0.8457
 No improvement (1/15)
  [single_phase] Epoch 4/50 — train_loss: 0.7099  val_loss: 0.7805  val_auc: 0.8803
 New best AUC: 0.8803 — checkpoint saved
  [single_phase] Epoch 5/50 — train_loss: 0.6059  val_loss: 0.7651  val_auc: 0.8879
 New best AUC: 0.8879 — checkpoint saved
  [single_phase] Epoch 6/50 — train_loss: 0.5362  val_loss: 1.0782  val_auc: 0.8629
 No improvement (1/15)
  [single_phase] Epoch 7/50 — train_loss: 0.4441  val_loss: 0.9374  val_auc: 0.8945
 New best AUC: 0.8945 — checkpoint saved
  [single_phase] Epoch 8/50 — train_loss: 0.3682  val_loss: 0.7418  val_auc: 0.8943
 No improvement (1/15)
  [single_phase] Epoch 9/50 — train_loss: 0.2939  val_loss: 0.8970  val_auc: 0.8709
 No improvement (2/15)
  [single_phase] Epoch 10/50 — train_loss: 0.2478  val_loss: 1.5649  val_auc: 0.8831
 No improvement (3/15)
  [single_phase] Epoch 11/50 — train_loss: 0.2165  val_loss: 1.8891  val_auc: 0.8625
 No improvement (4/15)
  [single_phase] Epoch 12/50 — train_loss: 0.1217  val_loss: 1.4743  val_auc: 0.8858
 No improvement (5/15)
  [single_phase] Epoch 13/50 — train_loss: 0.0651  val_loss: 1.5945  val_auc: 0.8906
 No improvement (6/15)
  [single_phase] Epoch 14/50 — train_loss: 0.0771  val_loss: 1.0428  val_auc: 0.8944
 No improvement (7/15)
  [single_phase] Epoch 15/50 — train_loss: 0.0643  val_loss: 1.9112  val_auc: 0.8902
 No improvement (8/15)
  [single_phase] Epoch 16/50 — train_loss: 0.0206  val_loss: 1.9107  val_auc: 0.8823
 No improvement (9/15)
  [single_phase] Epoch 17/50 — train_loss: 0.0131  val_loss: 2.5856  val_auc: 0.8823
 No improvement (10/15)
  [single_phase] Epoch 18/50 — train_loss: 0.0102  val_loss: 3.2756  val_auc: 0.8800
 No improvement (11/15)
  [single_phase] Epoch 19/50 — train_loss: 0.0307  val_loss: 2.4534  val_auc: 0.8792
 No improvement (12/15)
  [single_phase] Epoch 20/50 — train_loss: 0.0197  val_loss: 2.3261  val_auc: 0.8796
 No improvement (13/15)
  [single_phase] Epoch 21/50 — train_loss: 0.0070  val_loss: 2.3831  val_auc: 0.8766
 No improvement (14/15)
  [single_phase] Epoch 22/50 — train_loss: 0.0066  val_loss: 2.5068  val_auc: 0.8778
 No improvement (15/15)
  Early stopping triggered after 22 epochs.
  Loaded best single_phase weights (AUC: 0.8945)

Best AUC: 0.8945
Checkpoints saved to: checkpoints/acl_sagittal_baseline_uncropped
SUCCESS: Completed acl-sagittal-uncropped

==========================================
Training: acl - axial - uncropped
Tue 16 Jun 19:55:28 IST 2026
==========================================
Training: acl_axial_baseline_uncropped
Training mode: single-phase
Device:   cuda

[acl-axial-train] pos_weight: 4.407 (167 pos, 736 neg)
Dataset sizes — train: 903, val: 226
pos_weight: 4.407  (higher = more imbalanced toward negatives)
Architecture: AlexNet (ImageNet weights)
Single-phase training: All layers unfrozen from start
  [single_phase] Epoch 1/50 — train_loss: 1.1507  val_loss: 1.1141  val_auc: 0.5780
 New best AUC: 0.5780 — checkpoint saved
  [single_phase] Epoch 2/50 — train_loss: 1.0826  val_loss: 1.0275  val_auc: 0.7160
 New best AUC: 0.7160 — checkpoint saved
  [single_phase] Epoch 3/50 — train_loss: 0.9870  val_loss: 1.0111  val_auc: 0.7339
 New best AUC: 0.7339 — checkpoint saved
  [single_phase] Epoch 4/50 — train_loss: 0.9102  val_loss: 1.0045  val_auc: 0.7449
 New best AUC: 0.7449 — checkpoint saved
  [single_phase] Epoch 5/50 — train_loss: 0.9313  val_loss: 0.9991  val_auc: 0.7421
 No improvement (1/15)
  [single_phase] Epoch 6/50 — train_loss: 0.8428  val_loss: 1.2638  val_auc: 0.7462
 New best AUC: 0.7462 — checkpoint saved
  [single_phase] Epoch 7/50 — train_loss: 0.7822  val_loss: 1.0572  val_auc: 0.7753
 New best AUC: 0.7753 — checkpoint saved
  [single_phase] Epoch 8/50 — train_loss: 0.7398  val_loss: 0.9966  val_auc: 0.7579
 No improvement (1/15)
  [single_phase] Epoch 9/50 — train_loss: 0.6628  val_loss: 1.0359  val_auc: 0.7597
 No improvement (2/15)
  [single_phase] Epoch 10/50 — train_loss: 0.5725  val_loss: 1.1997  val_auc: 0.7568
 No improvement (3/15)
  [single_phase] Epoch 11/50 — train_loss: 0.5003  val_loss: 1.2250  val_auc: 0.7821
 New best AUC: 0.7821 — checkpoint saved
  [single_phase] Epoch 12/50 — train_loss: 0.3933  val_loss: 1.5430  val_auc: 0.7866
 New best AUC: 0.7866 — checkpoint saved
  [single_phase] Epoch 13/50 — train_loss: 0.2798  val_loss: 1.6048  val_auc: 0.7913
 New best AUC: 0.7913 — checkpoint saved
  [single_phase] Epoch 14/50 — train_loss: 0.2236  val_loss: 2.2092  val_auc: 0.7913
 No improvement (1/15)
  [single_phase] Epoch 15/50 — train_loss: 0.2409  val_loss: 1.5899  val_auc: 0.7607
 No improvement (2/15)
  [single_phase] Epoch 16/50 — train_loss: 0.1568  val_loss: 1.8572  val_auc: 0.7797
 No improvement (3/15)
  [single_phase] Epoch 17/50 — train_loss: 0.1348  val_loss: 2.6515  val_auc: 0.7864
 No improvement (4/15)
  [single_phase] Epoch 18/50 — train_loss: 0.0759  val_loss: 2.8361  val_auc: 0.7768
 No improvement (5/15)
  [single_phase] Epoch 19/50 — train_loss: 0.0383  val_loss: 2.9559  val_auc: 0.7709
 No improvement (6/15)
  [single_phase] Epoch 20/50 — train_loss: 0.0335  val_loss: 2.6048  val_auc: 0.7731
 No improvement (7/15)
  [single_phase] Epoch 21/50 — train_loss: 0.0282  val_loss: 2.7112  val_auc: 0.7731
 No improvement (8/15)
  [single_phase] Epoch 22/50 — train_loss: 0.0127  val_loss: 3.2173  val_auc: 0.7793
 No improvement (9/15)
  [single_phase] Epoch 23/50 — train_loss: 0.0063  val_loss: 3.4227  val_auc: 0.7806
 No improvement (10/15)
  [single_phase] Epoch 24/50 — train_loss: 0.0091  val_loss: 4.0468  val_auc: 0.7575
 No improvement (11/15)
  [single_phase] Epoch 25/50 — train_loss: 0.0049  val_loss: 4.4284  val_auc: 0.7767
 No improvement (12/15)
  [single_phase] Epoch 26/50 — train_loss: 0.0016  val_loss: 3.8810  val_auc: 0.7846
 No improvement (13/15)
  [single_phase] Epoch 27/50 — train_loss: 0.0028  val_loss: 3.7789  val_auc: 0.7799
 No improvement (14/15)
  [single_phase] Epoch 28/50 — train_loss: 0.0034  val_loss: 4.1081  val_auc: 0.7844
 No improvement (15/15)
  Early stopping triggered after 28 epochs.
  Loaded best single_phase weights (AUC: 0.7913)

Best AUC: 0.7913
Checkpoints saved to: checkpoints/acl_axial_baseline_uncropped
SUCCESS: Completed acl-axial-uncropped

==========================================
Training: acl - coronal - uncropped
Tue 16 Jun 20:38:38 IST 2026
==========================================
Training: acl_coronal_baseline_uncropped
Training mode: single-phase
Device:   cuda

[acl-coronal-train] pos_weight: 4.407 (167 pos, 736 neg)
Dataset sizes — train: 903, val: 226
pos_weight: 4.407  (higher = more imbalanced toward negatives)
Architecture: AlexNet (ImageNet weights)
Single-phase training: All layers unfrozen from start
  [single_phase] Epoch 1/50 — train_loss: 1.2408  val_loss: 1.1243  val_auc: 0.6456
 New best AUC: 0.6456 — checkpoint saved
  [single_phase] Epoch 2/50 — train_loss: 1.1963  val_loss: 1.1272  val_auc: 0.6053
 No improvement (1/15)
  [single_phase] Epoch 3/50 — train_loss: 1.1405  val_loss: 1.2507  val_auc: 0.5825
 No improvement (2/15)
  [single_phase] Epoch 4/50 — train_loss: 1.1493  val_loss: 1.1123  val_auc: 0.6266
 No improvement (3/15)
  [single_phase] Epoch 5/50 — train_loss: 1.1326  val_loss: 1.1214  val_auc: 0.6103
 No improvement (4/15)
  [single_phase] Epoch 6/50 — train_loss: 1.0970  val_loss: 1.1054  val_auc: 0.6614
 New best AUC: 0.6614 — checkpoint saved
  [single_phase] Epoch 7/50 — train_loss: 1.0770  val_loss: 1.0995  val_auc: 0.6679
 New best AUC: 0.6679 — checkpoint saved
  [single_phase] Epoch 8/50 — train_loss: 1.0359  val_loss: 1.0371  val_auc: 0.7052
 New best AUC: 0.7052 — checkpoint saved
  [single_phase] Epoch 9/50 — train_loss: 0.9845  val_loss: 1.1065  val_auc: 0.6987
 No improvement (1/15)
  [single_phase] Epoch 10/50 — train_loss: 0.9373  val_loss: 0.9714  val_auc: 0.7628
 New best AUC: 0.7628 — checkpoint saved
  [single_phase] Epoch 11/50 — train_loss: 0.8850  val_loss: 0.9717  val_auc: 0.7554
 No improvement (1/15)
  [single_phase] Epoch 12/50 — train_loss: 0.8294  val_loss: 1.0203  val_auc: 0.7875
 New best AUC: 0.7875 — checkpoint saved
  [single_phase] Epoch 13/50 — train_loss: 0.7445  val_loss: 0.9326  val_auc: 0.7877
 New best AUC: 0.7877 — checkpoint saved
  [single_phase] Epoch 14/50 — train_loss: 0.6959  val_loss: 0.9687  val_auc: 0.7764
 No improvement (1/15)
  [single_phase] Epoch 15/50 — train_loss: 0.6383  val_loss: 0.9887  val_auc: 0.7864
 No improvement (2/15)
  [single_phase] Epoch 16/50 — train_loss: 0.5600  val_loss: 1.1706  val_auc: 0.7768
 No improvement (3/15)
  [single_phase] Epoch 17/50 — train_loss: 0.4997  val_loss: 0.9270  val_auc: 0.7991
 New best AUC: 0.7991 — checkpoint saved
  [single_phase] Epoch 18/50 — train_loss: 0.4811  val_loss: 1.1866  val_auc: 0.7947
 No improvement (1/15)
  [single_phase] Epoch 19/50 — train_loss: 0.3685  val_loss: 1.1453  val_auc: 0.7946
 No improvement (2/15)
  [single_phase] Epoch 20/50 — train_loss: 0.3610  val_loss: 1.0932  val_auc: 0.8054
 New best AUC: 0.8054 — checkpoint saved
  [single_phase] Epoch 21/50 — train_loss: 0.3150  val_loss: 1.5766  val_auc: 0.7904
 No improvement (1/15)
  [single_phase] Epoch 22/50 — train_loss: 0.2641  val_loss: 1.4725  val_auc: 0.8029
 No improvement (2/15)
  [single_phase] Epoch 23/50 — train_loss: 0.2293  val_loss: 1.3095  val_auc: 0.8076
 New best AUC: 0.8076 — checkpoint saved
  [single_phase] Epoch 24/50 — train_loss: 0.1935  val_loss: 2.9676  val_auc: 0.7710
 No improvement (1/15)
  [single_phase] Epoch 25/50 — train_loss: 0.1856  val_loss: 1.8588  val_auc: 0.7887
 No improvement (2/15)
  [single_phase] Epoch 26/50 — train_loss: 0.1718  val_loss: 1.5979  val_auc: 0.7647
 No improvement (3/15)
  [single_phase] Epoch 27/50 — train_loss: 0.1574  val_loss: 1.6827  val_auc: 0.8016
 No improvement (4/15)
  [single_phase] Epoch 28/50 — train_loss: 0.0549  val_loss: 1.5428  val_auc: 0.8037
 No improvement (5/15)
  [single_phase] Epoch 29/50 — train_loss: 0.0475  val_loss: 2.1075  val_auc: 0.7953
 No improvement (6/15)
  [single_phase] Epoch 30/50 — train_loss: 0.0391  val_loss: 2.1750  val_auc: 0.7938
 No improvement (7/15)
  [single_phase] Epoch 31/50 — train_loss: 0.0760  val_loss: 2.0376  val_auc: 0.8011
 No improvement (8/15)
  [single_phase] Epoch 32/50 — train_loss: 0.0275  val_loss: 2.4224  val_auc: 0.7908
 No improvement (9/15)
  [single_phase] Epoch 33/50 — train_loss: 0.0201  val_loss: 2.6830  val_auc: 0.7999
 No improvement (10/15)
  [single_phase] Epoch 34/50 — train_loss: 0.0248  val_loss: 3.0635  val_auc: 0.7962
 No improvement (11/15)
  [single_phase] Epoch 35/50 — train_loss: 0.0272  val_loss: 2.8205  val_auc: 0.7924
 No improvement (12/15)
  [single_phase] Epoch 36/50 — train_loss: 0.0145  val_loss: 2.7548  val_auc: 0.7997
 No improvement (13/15)
  [single_phase] Epoch 37/50 — train_loss: 0.0142  val_loss: 2.6405  val_auc: 0.8029
 No improvement (14/15)
  [single_phase] Epoch 38/50 — train_loss: 0.0113  val_loss: 3.0197  val_auc: 0.7975
 No improvement (15/15)
  Early stopping triggered after 38 epochs.
  Loaded best single_phase weights (AUC: 0.8076)

Best AUC: 0.8076
Checkpoints saved to: checkpoints/acl_coronal_baseline_uncropped
SUCCESS: Completed acl-coronal-uncropped

==========================================
All UNCROPPED training completed
End Time: Tue 16 Jun 21:29:19 IST 2026
==========================================
