==========================================
Job ID: 424012
Job Name: example_train
Node: sonicgpu7
Start Time: Mon 15 Jun 13:51:05 IST 2026
==========================================

Current working directory: /home/people/23225831/MRNet-assignment

Python version: Python 3.9.21
PyTorch version: 2.8.0+cu128
CUDA available: True
CUDA version: 12.8
Number of GPUs: 1
GPU Name: NVIDIA A100-PCIE-40GB

==========================================
Starting Train Job at Mon 15 Jun 13:51:16 IST 2026
==========================================

Training: meniscus-sagittal-baseline-cropped
Device: cuda
[meniscus-sagittal-train] pos_weight: 1.824 (319 pos, 582 neg)
Epoch 1/30 - Train Loss: 0.8605, Val AUC: 0.5507
  Saved best checkpoint (AUC: 0.5507)
Epoch 2/30 - Train Loss: 0.7709, Val AUC: 0.6241
  Saved best checkpoint (AUC: 0.6241)
Epoch 3/30 - Train Loss: 0.6421, Val AUC: 0.6204
Epoch 4/30 - Train Loss: 0.6071, Val AUC: 0.6032
Epoch 5/30 - Train Loss: 0.4712, Val AUC: 0.6997
  Saved best checkpoint (AUC: 0.6997)
Epoch 6/30 - Train Loss: 0.3953, Val AUC: 0.7068
  Saved best checkpoint (AUC: 0.7068)
Epoch 7/30 - Train Loss: 0.2890, Val AUC: 0.6066
Epoch 8/30 - Train Loss: 0.2278, Val AUC: 0.6357
Epoch 9/30 - Train Loss: 0.1715, Val AUC: 0.7010
Epoch 10/30 - Train Loss: 0.1989, Val AUC: 0.7095
  Saved best checkpoint (AUC: 0.7095)
Epoch 11/30 - Train Loss: 0.1575, Val AUC: 0.5892
Epoch 12/30 - Train Loss: 0.0887, Val AUC: 0.7190
  Saved best checkpoint (AUC: 0.7190)
Epoch 13/30 - Train Loss: 0.2141, Val AUC: 0.6245
Epoch 14/30 - Train Loss: 0.1052, Val AUC: 0.7477
  Saved best checkpoint (AUC: 0.7477)
Epoch 15/30 - Train Loss: 0.0750, Val AUC: 0.7203
Epoch 16/30 - Train Loss: 0.1568, Val AUC: 0.7063
Epoch 17/30 - Train Loss: 0.0668, Val AUC: 0.6380
Epoch 18/30 - Train Loss: 0.1218, Val AUC: 0.6997
Epoch 19/30 - Train Loss: 0.0810, Val AUC: 0.6748
Epoch 20/30 - Train Loss: 0.1116, Val AUC: 0.7915
  Saved best checkpoint (AUC: 0.7915)
Epoch 21/30 - Train Loss: 0.1019, Val AUC: 0.7025
Epoch 22/30 - Train Loss: 0.0134, Val AUC: 0.7652
Epoch 23/30 - Train Loss: 0.0717, Val AUC: 0.6951
Epoch 24/30 - Train Loss: 0.0398, Val AUC: 0.7093
Epoch 25/30 - Train Loss: 0.2265, Val AUC: 0.6955
Epoch 26/30 - Train Loss: 0.0259, Val AUC: 0.6887
Epoch 27/30 - Train Loss: 0.0579, Val AUC: 0.7814
Epoch 28/30 - Train Loss: 0.1227, Val AUC: 0.5878
Epoch 29/30 - Train Loss: 0.0294, Val AUC: 0.6816
Epoch 30/30 - Train Loss: 0.0110, Val AUC: 0.6921

Training complete - Best Val AUC: 0.7915

==========================================
Training completed at Mon 15 Jun 14:36:22 IST 2026
Exit code: 0
==========================================

