==========================================
Job ID: 439795
Job Name: multiplane_explain
Node: sonicgpu11
Start Time: Tue 23 Jun 09:51:26 IST 2026
==========================================

Current working directory: /home/people/23225831/MRNet-assignment

Python version: Python 3.9.25
PyTorch version: 2.8.0+cu128
CUDA available: True
CUDA version: 12.8
Number of GPUs: 1
GPU Name: Tesla V100-PCIE-16GB

==========================================
Starting Multi-Plane Explainability
Condition: ACL | Data Mode: Cropped
==========================================

======================================================================
Multi-Plane Explainability Report Generator
======================================================================
Condition: acl
Architecture: baseline
Data mode: cropped
Device: cuda
======================================================================

[1/5] Loading triage and results data...
Loaded 120 cases from triage JSON

[2/5] Loading plane models...

Loading models for acl-baseline-cropped:
  [✓] Loaded axial model from best_single_phase.pth
  [✓] Loaded coronal model from best_single_phase.pth
  [✓] Loaded sagittal model from best_single_phase.pth

[3/5] Loading validation datasets...

Loading validation datasets:
  [✓] axial: 120 cases
  [✓] coronal: 120 cases
  [✓] sagittal: 120 cases

[4/5] Generating Grad-CAM visualizations and HTML report...
  Processing top 20 cases...
  Processing case 1/20: Patient 1207...
  Processing case 2/20: Patient 1199...
  Processing case 3/20: Patient 1198...
  Processing case 4/20: Patient 1182...
  Processing case 5/20: Patient 1203...
  Processing case 6/20: Patient 1188...
  Processing case 7/20: Patient 1202...
  Processing case 8/20: Patient 1220...
  Processing case 9/20: Patient 1209...
  Processing case 10/20: Patient 1174...
  Processing case 11/20: Patient 1185...
  Processing case 12/20: Patient 1204...
  Processing case 13/20: Patient 1179...
  Processing case 14/20: Patient 1213...
  Processing case 15/20: Patient 1190...
  Processing case 16/20: Patient 1201...
  Processing case 17/20: Patient 1176...
  Processing case 18/20: Patient 1184...
  Processing case 19/20: Patient 1225...
  Processing case 20/20: Patient 1172...
  Processing uncertain case 1/10: Patient 1245...
  Processing uncertain case 2/10: Patient 1212...
  Processing uncertain case 3/10: Patient 1230...
  Processing uncertain case 4/10: Patient 1216...
  Processing uncertain case 5/10: Patient 1192...
  Processing uncertain case 6/10: Patient 1231...
  Processing uncertain case 7/10: Patient 1211...
  Processing uncertain case 8/10: Patient 1218...
  Processing uncertain case 9/10: Patient 1228...
  Processing uncertain case 10/10: Patient 1163...

[5/5] Saving HTML report...
======================================================================
✓ Report saved to: triage_reports/acl_cropped_multiplane.html
  Open in a browser to view the multi-plane triage interface
======================================================================

==========================================
Multi-Plane Explainability completed at Tue 23 Jun 09:51:59 IST 2026
Exit code: 0
==========================================

